#
# There is insufficient memory for the Java Runtime Environment to continue.
# Native memory allocation (malloc) failed to allocate 32744 bytes for ChunkPool::allocate
# Possible reasons:
#   The system is out of physical RAM or swap space
#   The process is running with CompressedOops enabled, and the Java Heap may be blocking the growth of the native heap
# Possible solutions:
#   Reduce memory load on the system
#   Increase physical memory or swap space
#   Check if swap backing store is full
#   Decrease Java heap size (-Xmx/-Xms)
#   Decrease number of Java threads
#   Decrease Java thread stack sizes (-Xss)
#   Set larger code cache with -XX:ReservedCodeCacheSize=
#   JVM is running with Unscaled Compressed Oops mode in which the Java heap is
#     placed in the first 4GB address space. The Java Heap base address is the
#     maximum limit for the native heap growth. Please use -XX:HeapBaseMinAddress
#     to set the Java Heap base and to place the Java Heap above 4GB virtual address.
# This output file may be truncated or incomplete.
#
#  Out of Memory Error (allocation.cpp:272), pid=12208, tid=0x0000000000002cc0
#
# JRE version: OpenJDK Runtime Environment (8.0_242-b01) (build 1.8.0_242-release-1644-b01)
# Java VM: OpenJDK 64-Bit Server VM (25.242-b01 mixed mode windows-amd64 compressed oops)
# Failed to write core dump. Minidumps are not enabled by default on client versions of Windows
#

---------------  T H R E A D  ---------------

Current thread (0x0000000019df7000):  JavaThread "C2 CompilerThread2" daemon [_thread_in_native, id=11456, stack(0x000000001a8c0000,0x000000001a9c0000)]

Stack: [0x000000001a8c0000,0x000000001a9c0000]
[error occurred during error reporting (printing stack bounds), id 0xc0000005]

Native frames: (J=compiled Java code, j=interpreted, Vv=VM code, C=native code)


Current CompileTask:
C2:2470487 20783 %     4       com.android.tools.r8.z.a.a.f::a @ 2463 (3630 bytes)


---------------  P R O C E S S  ---------------

Java Threads: ( => current thread )
  0x000000002034b000 JavaThread "WorkerExecutor Queue Thread 8" [_thread_in_native, id=8224, stack(0x0000000032410000,0x0000000032510000)]
  0x000000002034b800 JavaThread "WorkerExecutor Queue Thread 7" [_thread_blocked, id=7128, stack(0x0000000032310000,0x0000000032410000)]
  0x000000002623e800 JavaThread "WorkerExecutor Queue Thread 6" [_thread_blocked, id=7636, stack(0x0000000032210000,0x0000000032310000)]
  0x0000000026239800 JavaThread "WorkerExecutor Queue Thread 5" [_thread_blocked, id=4292, stack(0x0000000032110000,0x0000000032210000)]
  0x000000002623e000 JavaThread "WorkerExecutor Queue Thread 4" [_thread_blocked, id=11948, stack(0x0000000031e10000,0x0000000031f10000)]
  0x000000002623d000 JavaThread "WorkerExecutor Queue Thread 3" [_thread_blocked, id=6916, stack(0x0000000031d10000,0x0000000031e10000)]
  0x000000002623b000 JavaThread "WorkerExecutor Queue Thread 2" [_thread_blocked, id=9864, stack(0x0000000031c10000,0x0000000031d10000)]
  0x000000002623b800 JavaThread "WorkerExecutor Queue" [_thread_blocked, id=1256, stack(0x0000000031b10000,0x0000000031c10000)]
  0x000000002623c800 JavaThread "Cache worker for Java compile cache (C:\Users\root\AndroidStudioProjects\Project\.gradle\6.5\javaCompile)" [_thread_blocked, id=9336, stack(0x0000000031610000,0x0000000031710000)]
  0x0000000026236800 JavaThread "Cache worker for execution history cache (C:\Users\root\AndroidStudioProjects\Project\.gradle\6.5\executionHistory)" [_thread_blocked, id=8744, stack(0x0000000031310000,0x0000000031410000)]
  0x0000000026235800 JavaThread "Execution worker for ':' Thread 7" [_thread_blocked, id=5928, stack(0x0000000031210000,0x0000000031310000)]
  0x0000000026237000 JavaThread "Execution worker for ':' Thread 6" [_thread_blocked, id=9584, stack(0x0000000031110000,0x0000000031210000)]
  0x0000000026235000 JavaThread "Execution worker for ':' Thread 5" [_thread_blocked, id=9184, stack(0x0000000031010000,0x0000000031110000)]
  0x0000000026234000 JavaThread "Execution worker for ':' Thread 4" [_thread_blocked, id=7388, stack(0x0000000030f10000,0x0000000031010000)]
  0x0000000026232000 JavaThread "Execution worker for ':' Thread 3" [_thread_blocked, id=11044, stack(0x0000000030e10000,0x0000000030f10000)]
  0x0000000026238000 JavaThread "Execution worker for ':' Thread 2" [_thread_blocked, id=3588, stack(0x0000000030d10000,0x0000000030e10000)]
  0x0000000026230800 JavaThread "Execution worker for ':'" [_thread_blocked, id=6812, stack(0x0000000030c10000,0x0000000030d10000)]
  0x000000002622f800 JavaThread "Cache worker for file content cache (C:\Users\root\AndroidStudioProjects\Project\.gradle\6.5\fileContent)" [_thread_blocked, id=11756, stack(0x0000000030b10000,0x0000000030c10000)]
  0x0000000026233800 JavaThread "Cache worker for Build Output Cleanup Cache (C:\Users\root\AndroidStudioProjects\Project\.gradle\buildOutputCleanup)" [_thread_blocked, id=3848, stack(0x0000000030a10000,0x0000000030b10000)]
  0x0000000026232800 JavaThread "jar transforms Thread 562" [_thread_blocked, id=4008, stack(0x0000000030910000,0x0000000030a10000)]
  0x0000000021d54000 JavaThread "jar transforms Thread 561" [_thread_blocked, id=732, stack(0x0000000030810000,0x0000000030910000)]
  0x0000000021d53000 JavaThread "jar transforms Thread 560" [_thread_blocked, id=2768, stack(0x0000000030710000,0x0000000030810000)]
  0x0000000021d52800 JavaThread "jar transforms Thread 559" [_thread_blocked, id=10628, stack(0x0000000030610000,0x0000000030710000)]
  0x0000000021d51000 JavaThread "jar transforms Thread 558" [_thread_blocked, id=7320, stack(0x00000000300a0000,0x00000000301a0000)]
  0x0000000021d51800 JavaThread "jar transforms Thread 557" [_thread_blocked, id=2464, stack(0x000000002ffa0000,0x00000000300a0000)]
  0x0000000021d50000 JavaThread "jar transforms Thread 556" [_thread_blocked, id=5040, stack(0x000000002fea0000,0x000000002ffa0000)]
  0x0000000021d48800 JavaThread "jar transforms Thread 555" [_thread_blocked, id=10004, stack(0x000000002fda0000,0x000000002fea0000)]
  0x0000000021d4f800 JavaThread "jar transforms Thread 554" [_thread_blocked, id=8824, stack(0x000000002fca0000,0x000000002fda0000)]
  0x0000000021d4e800 JavaThread "jar transforms Thread 553" [_thread_blocked, id=10808, stack(0x000000002fba0000,0x000000002fca0000)]
  0x0000000021d4e000 JavaThread "jar transforms Thread 552" [_thread_blocked, id=11744, stack(0x000000002faa0000,0x000000002fba0000)]
  0x0000000021d47800 JavaThread "jar transforms Thread 551" [_thread_blocked, id=9300, stack(0x000000002f9a0000,0x000000002faa0000)]
  0x0000000021d4d000 JavaThread "jar transforms Thread 550" [_thread_blocked, id=10428, stack(0x000000002f8a0000,0x000000002f9a0000)]
  0x0000000021d4c800 JavaThread "jar transforms Thread 549" [_thread_blocked, id=10312, stack(0x000000002f7a0000,0x000000002f8a0000)]
  0x0000000021d46000 JavaThread "jar transforms Thread 548" [_thread_blocked, id=11008, stack(0x000000002f4a0000,0x000000002f5a0000)]
  0x0000000021d4b800 JavaThread "jar transforms Thread 547" [_thread_blocked, id=360, stack(0x000000002f3a0000,0x000000002f4a0000)]
  0x0000000021d49800 JavaThread "jar transforms Thread 546" [_thread_blocked, id=9980, stack(0x000000002f2a0000,0x000000002f3a0000)]
  0x0000000021d44800 JavaThread "jar transforms Thread 545" [_thread_blocked, id=4572, stack(0x000000002f1a0000,0x000000002f2a0000)]
  0x0000000021d4b000 JavaThread "jar transforms Thread 544" [_thread_blocked, id=2000, stack(0x000000002f0a0000,0x000000002f1a0000)]
  0x0000000021d47000 JavaThread "jar transforms Thread 543" [_thread_blocked, id=11800, stack(0x000000002efa0000,0x000000002f0a0000)]
  0x0000000021d45800 JavaThread "jar transforms Thread 542" [_thread_blocked, id=7664, stack(0x000000002eea0000,0x000000002efa0000)]
  0x0000000021d4a000 JavaThread "jar transforms Thread 541" [_thread_blocked, id=7584, stack(0x000000002eda0000,0x000000002eea0000)]
  0x000000001c685000 JavaThread "jar transforms Thread 540" [_thread_blocked, id=4028, stack(0x000000002dfa0000,0x000000002e0a0000)]
  0x000000001c684000 JavaThread "jar transforms Thread 539" [_thread_blocked, id=8592, stack(0x000000002b770000,0x000000002b870000)]
  0x000000001c683800 JavaThread "jar transforms Thread 538" [_thread_blocked, id=7916, stack(0x000000002b670000,0x000000002b770000)]
  0x000000001c682800 JavaThread "jar transforms Thread 537" [_thread_blocked, id=8968, stack(0x000000002b570000,0x000000002b670000)]
  0x000000001c689000 JavaThread "jar transforms Thread 536" [_thread_blocked, id=4828, stack(0x000000002b470000,0x000000002b570000)]
  0x000000001c688000 JavaThread "jar transforms Thread 535" [_thread_blocked, id=2572, stack(0x000000002b370000,0x000000002b470000)]
  0x000000001c686800 JavaThread "jar transforms Thread 534" [_thread_blocked, id=9092, stack(0x000000002b270000,0x000000002b370000)]
  0x000000001c685800 JavaThread "jar transforms Thread 533" [_thread_blocked, id=7520, stack(0x000000002ad40000,0x000000002ae40000)]
  0x000000001fff8000 JavaThread "jar transforms Thread 532" [_thread_blocked, id=10576, stack(0x000000002ac40000,0x000000002ad40000)]
  0x000000001fffc000 JavaThread "jar transforms Thread 531" [_thread_blocked, id=9068, stack(0x000000002ab40000,0x000000002ac40000)]
  0x000000001fff9800 JavaThread "jar transforms Thread 530" [_thread_blocked, id=10256, stack(0x000000002aa40000,0x000000002ab40000)]
  0x000000001fffa800 JavaThread "jar transforms Thread 529" [_thread_blocked, id=8148, stack(0x000000002a940000,0x000000002aa40000)]
  0x000000001ffff000 JavaThread "jar transforms Thread 528" [_thread_blocked, id=11796, stack(0x000000002a840000,0x000000002a940000)]
  0x000000001fff9000 JavaThread "jar transforms Thread 527" [_thread_blocked, id=6988, stack(0x000000002a740000,0x000000002a840000)]
  0x000000001fffd800 JavaThread "jar transforms Thread 526" [_thread_blocked, id=9304, stack(0x000000002a640000,0x000000002a740000)]
  0x000000001fffb000 JavaThread "jar transforms Thread 525" [_thread_blocked, id=9856, stack(0x000000002a540000,0x000000002a640000)]
  0x000000001fffc800 JavaThread "jar transforms Thread 524" [_thread_blocked, id=7288, stack(0x000000002a440000,0x000000002a540000)]
  0x000000001fff0800 JavaThread "jar transforms Thread 523" [_thread_blocked, id=12116, stack(0x000000002a340000,0x000000002a440000)]
  0x000000001fff3000 JavaThread "jar transforms Thread 522" [_thread_blocked, id=6948, stack(0x000000002a240000,0x000000002a340000)]
  0x000000001fff3800 JavaThread "jar transforms Thread 521" [_thread_blocked, id=9528, stack(0x000000002a140000,0x000000002a240000)]
  0x000000001fff7800 JavaThread "jar transforms Thread 520" [_thread_blocked, id=128, stack(0x000000002a040000,0x000000002a140000)]
  0x000000001fff0000 JavaThread "jar transforms Thread 519" [_thread_blocked, id=10036, stack(0x0000000029f40000,0x000000002a040000)]
  0x0000000020e81000 JavaThread "jar transforms Thread 518" [_thread_blocked, id=3368, stack(0x0000000029e40000,0x0000000029f40000)]
  0x0000000020e87000 JavaThread "jar transforms Thread 517" [_thread_blocked, id=5936, stack(0x0000000029d40000,0x0000000029e40000)]
  0x0000000020e86800 JavaThread "jar transforms Thread 516" [_thread_blocked, id=8992, stack(0x0000000029c40000,0x0000000029d40000)]
  0x0000000020e85800 JavaThread "jar transforms Thread 515" [_thread_blocked, id=1176, stack(0x0000000029b40000,0x0000000029c40000)]
  0x0000000020e84000 JavaThread "jar transforms Thread 514" [_thread_blocked, id=6048, stack(0x0000000029a40000,0x0000000029b40000)]
  0x0000000020e78800 JavaThread "jar transforms Thread 513" [_thread_blocked, id=11632, stack(0x0000000029940000,0x0000000029a40000)]
  0x0000000020e7f800 JavaThread "jar transforms Thread 512" [_thread_blocked, id=8340, stack(0x0000000029840000,0x0000000029940000)]
  0x0000000020e7f000 JavaThread "jar transforms Thread 511" [_thread_blocked, id=6672, stack(0x0000000029740000,0x0000000029840000)]
  0x0000000020e78000 JavaThread "jar transforms Thread 510" [_thread_blocked, id=8132, stack(0x0000000029640000,0x0000000029740000)]
  0x0000000020e79800 JavaThread "jar transforms Thread 509" [_thread_blocked, id=11024, stack(0x0000000029540000,0x0000000029640000)]
  0x0000000020e7e000 JavaThread "jar transforms Thread 508" [_thread_blocked, id=6904, stack(0x0000000029440000,0x0000000029540000)]
  0x0000000020e7c800 JavaThread "jar transforms Thread 507" [_thread_blocked, id=9156, stack(0x0000000029340000,0x0000000029440000)]
  0x0000000020e7c000 JavaThread "jar transforms Thread 506" [_thread_blocked, id=10952, stack(0x0000000029240000,0x0000000029340000)]
  0x0000000020e7b000 JavaThread "jar transforms Thread 505" [_thread_blocked, id=1424, stack(0x0000000029140000,0x0000000029240000)]
  0x0000000020e7d800 JavaThread "jar transforms Thread 504" [_thread_blocked, id=10172, stack(0x0000000029040000,0x0000000029140000)]
  0x000000001bed7000 JavaThread "jar transforms Thread 503" [_thread_blocked, id=6804, stack(0x0000000028f40000,0x0000000029040000)]
  0x000000001bed6800 JavaThread "jar transforms Thread 502" [_thread_blocked, id=12192, stack(0x0000000028e40000,0x0000000028f40000)]
  0x000000001bed5800 JavaThread "jar transforms Thread 501" [_thread_blocked, id=11392, stack(0x0000000028d40000,0x0000000028e40000)]
  0x000000001bed5000 JavaThread "jar transforms Thread 500" [_thread_blocked, id=5812, stack(0x0000000028c40000,0x0000000028d40000)]
  0x000000001bed4000 JavaThread "jar transforms Thread 499" [_thread_blocked, id=4544, stack(0x0000000028b40000,0x0000000028c40000)]
  0x000000001becc000 JavaThread "jar transforms Thread 498" [_thread_blocked, id=10772, stack(0x0000000028a40000,0x0000000028b40000)]
  0x000000001bed2800 JavaThread "jar transforms Thread 497" [_thread_blocked, id=5224, stack(0x0000000028940000,0x0000000028a40000)]
  0x000000001bed2000 JavaThread "jar transforms Thread 496" [_thread_blocked, id=7748, stack(0x0000000028840000,0x0000000028940000)]
  0x000000001bed1000 JavaThread "jar transforms Thread 495" [_thread_blocked, id=9844, stack(0x0000000028740000,0x0000000028840000)]
  0x000000001bec9800 JavaThread "jar transforms Thread 494" [_thread_blocked, id=11992, stack(0x0000000028640000,0x0000000028740000)]
  0x000000001bed0800 JavaThread "jar transforms Thread 493" [_thread_blocked, id=11368, stack(0x0000000028540000,0x0000000028640000)]
  0x000000001beca800 JavaThread "jar transforms Thread 492" [_thread_blocked, id=7240, stack(0x0000000028440000,0x0000000028540000)]
  0x000000001becf800 JavaThread "jar transforms Thread 491" [_thread_blocked, id=10984, stack(0x0000000028340000,0x0000000028440000)]
  0x000000001bec9000 JavaThread "jar transforms Thread 490" [_thread_blocked, id=368, stack(0x0000000028240000,0x0000000028340000)]
  0x000000001becc800 JavaThread "jar transforms Thread 489" [_thread_blocked, id=11184, stack(0x0000000028140000,0x0000000028240000)]
  0x000000001bec8000 JavaThread "jar transforms Thread 488" [_thread_blocked, id=8316, stack(0x0000000028040000,0x0000000028140000)]
  0x000000001becd800 JavaThread "jar transforms Thread 487" [_thread_blocked, id=1416, stack(0x0000000027f40000,0x0000000028040000)]
  0x000000002d353800 JavaThread "jar transforms Thread 486" [_thread_blocked, id=7536, stack(0x0000000027e40000,0x0000000027f40000)]
  0x000000002d353000 JavaThread "jar transforms Thread 485" [_thread_blocked, id=2764, stack(0x0000000027d40000,0x0000000027e40000)]
  0x000000002d352000 JavaThread "jar transforms Thread 484" [_thread_blocked, id=1292, stack(0x0000000027c40000,0x0000000027d40000)]
  0x000000002d351800 JavaThread "jar transforms Thread 483" [_thread_blocked, id=1172, stack(0x0000000027b40000,0x0000000027c40000)]
  0x000000002d354800 JavaThread "jar transforms Thread 482" [_thread_blocked, id=3224, stack(0x0000000027a40000,0x0000000027b40000)]
  0x000000002d357800 JavaThread "jar transforms Thread 481" [_thread_blocked, id=11004, stack(0x0000000027940000,0x0000000027a40000)]
  0x000000002d356000 JavaThread "jar transforms Thread 480" [_thread_blocked, id=11000, stack(0x0000000027840000,0x0000000027940000)]
  0x000000002d34a000 JavaThread "jar transforms Thread 479" [_thread_blocked, id=4280, stack(0x0000000027740000,0x0000000027840000)]
  0x000000002d350800 JavaThread "jar transforms Thread 478" [_thread_blocked, id=12276, stack(0x0000000027640000,0x0000000027740000)]
  0x000000002d349000 JavaThread "jar transforms Thread 477" [_thread_blocked, id=3220, stack(0x0000000025530000,0x0000000025630000)]
  0x000000002d34f000 JavaThread "jar transforms Thread 476" [_thread_blocked, id=12064, stack(0x0000000024a10000,0x0000000024b10000)]
  0x000000002d350000 JavaThread "jar transforms Thread 475" [_thread_blocked, id=8928, stack(0x0000000023f10000,0x0000000024010000)]
  0x000000002d34d800 JavaThread "jar transforms Thread 474" [_thread_blocked, id=11780, stack(0x0000000023c10000,0x0000000023d10000)]
  0x000000002d34c000 JavaThread "jar transforms Thread 473" [_thread_blocked, id=4148, stack(0x0000000023b10000,0x0000000023c10000)]
  0x000000002d34e800 JavaThread "jar transforms Thread 472" [_thread_blocked, id=3020, stack(0x0000000023a10000,0x0000000023b10000)]
  0x000000002d34a800 JavaThread "jar transforms Thread 471" [_thread_blocked, id=2452, stack(0x0000000023510000,0x0000000023610000)]
  0x000000002d34b800 JavaThread "jar transforms Thread 470" [_thread_blocked, id=8708, stack(0x0000000023410000,0x0000000023510000)]
  0x0000000021bfa800 JavaThread "jar transforms Thread 469" [_thread_blocked, id=3640, stack(0x0000000023010000,0x0000000023110000)]
  0x0000000021c01800 JavaThread "Build operations Thread 8" [_thread_blocked, id=924, stack(0x0000000022c10000,0x0000000022d10000)]
  0x0000000021bfe800 JavaThread "Build operations Thread 7" [_thread_blocked, id=5704, stack(0x0000000022b10000,0x0000000022c10000)]
  0x0000000021c01000 JavaThread "Build operations Thread 6" [_thread_blocked, id=3908, stack(0x0000000022a10000,0x0000000022b10000)]
  0x0000000021c00000 JavaThread "Build operations Thread 5" [_thread_blocked, id=10644, stack(0x0000000022910000,0x0000000022a10000)]
  0x0000000021bff800 JavaThread "Build operations Thread 4" [_thread_blocked, id=3596, stack(0x0000000022810000,0x0000000022910000)]
  0x0000000021bfe000 JavaThread "Build operations Thread 3" [_thread_blocked, id=252, stack(0x0000000022710000,0x0000000022810000)]
  0x0000000021bfd000 JavaThread "Build operations Thread 2" [_thread_blocked, id=10932, stack(0x0000000022610000,0x0000000022710000)]
  0x0000000021bfc000 JavaThread "Build operations" [_thread_blocked, id=8208, stack(0x0000000022510000,0x0000000022610000)]
  0x0000000021bf3000 JavaThread "Cache worker for cache directory md-rule (C:\Users\root\.gradle\caches\6.5\md-rule)" [_thread_blocked, id=2748, stack(0x00000000213b0000,0x00000000214b0000)]
  0x0000000021bfa000 JavaThread "Cache worker for cache directory md-supplier (C:\Users\root\.gradle\caches\6.5\md-supplier)" [_thread_blocked, id=8376, stack(0x00000000212b0000,0x00000000213b0000)]
  0x0000000021bf2800 JavaThread "Cache worker for checksums cache (C:\Users\root\AndroidStudioProjects\Project\.gradle\checksums)" [_thread_blocked, id=8788, stack(0x000000001ede0000,0x000000001eee0000)]
  0x0000000021bf9000 JavaThread "Cache worker for file hash cache (C:\Users\root\AndroidStudioProjects\Project\.gradle\6.5\fileHashes)" [_thread_blocked, id=7596, stack(0x000000001e7e0000,0x000000001e8e0000)]
  0x0000000021bf7800 JavaThread "Thread-640" [_thread_blocked, id=2344, stack(0x000000001e6e0000,0x000000001e7e0000)]
  0x0000000021bf7000 JavaThread "Stdin handler" [_thread_blocked, id=6600, stack(0x000000001dfe0000,0x000000001e0e0000)]
  0x0000000021bf6000 JavaThread "Asynchronous log dispatcher for DefaultDaemonConnection: socket connection from /127.0.0.1:7542 to /127.0.0.1:7676" [_thread_blocked, id=10496, stack(0x000000001dba0000,0x000000001dca0000)]
  0x0000000021bf4800 JavaThread "Daemon worker Thread 5" [_thread_blocked, id=9168, stack(0x000000001daa0000,0x000000001dba0000)]
  0x0000000021bf5800 JavaThread "Cancel handler" [_thread_blocked, id=1740, stack(0x0000000001340000,0x0000000001440000)]
  0x0000000021bf8800 JavaThread "Handler for socket connection from /127.0.0.1:7542 to /127.0.0.1:7676" [_thread_in_native, id=10668, stack(0x0000000001240000,0x0000000001340000)]
  0x0000000021bf4000 JavaThread "Daemon Thread 5" [_thread_blocked, id=6280, stack(0x0000000001140000,0x0000000001240000)]
  0x000000002d34d000 JavaThread "Cache worker for Java compile cache (C:\Users\root\.gradle\caches\6.5\javaCompile)" [_thread_blocked, id=6736, stack(0x0000000022f10000,0x0000000023010000)]
  0x0000000020e82800 JavaThread "MarlinRenderer Disposer" daemon [_thread_blocked, id=2160, stack(0x0000000030510000,0x0000000030610000)]
  0x0000000020e82000 JavaThread "Java2D Disposer" daemon [_thread_blocked, id=10912, stack(0x00000000301a0000,0x00000000302a0000)]
  0x000000001bece000 JavaThread "Memory manager" [_thread_blocked, id=7668, stack(0x000000002dea0000,0x000000002dfa0000)]
  0x000000001fff1800 JavaThread "Cache worker for file content cache (C:\Users\root\.gradle\caches\6.5\fileContent)" [_thread_blocked, id=1116, stack(0x0000000024910000,0x0000000024a10000)]
  0x000000001fff5000 JavaThread "Cache worker for execution history cache (C:\Users\root\.gradle\caches\6.5\executionHistory)" [_thread_blocked, id=9096, stack(0x0000000024410000,0x0000000024510000)]
  0x000000001c682000 JavaThread "Cache worker for file hash cache (C:\Users\root\.gradle\caches\6.5\fileHashes)" [_thread_blocked, id=12012, stack(0x000000001ece0000,0x000000001ede0000)]
  0x000000001c687000 JavaThread "File lock request listener" [_thread_in_native, id=9848, stack(0x000000001ebe0000,0x000000001ece0000)]
  0x000000001c99c000 JavaThread "Cache worker for journal cache (C:\Users\root\.gradle\caches\journal-1)" [_thread_blocked, id=11576, stack(0x000000001eae0000,0x000000001ebe0000)]
  0x000000001c7a0800 JavaThread "Daemon periodic checks" [_thread_blocked, id=5948, stack(0x000000001dee0000,0x000000001dfe0000)]
  0x000000001c758800 JavaThread "Incoming local TCP Connector on port 7542" [_thread_in_native, id=8504, stack(0x000000001dca0000,0x000000001dda0000)]
  0x000000001c6ba000 JavaThread "Daemon health stats" [_thread_blocked, id=1520, stack(0x000000001d660000,0x000000001d760000)]
  0x0000000019e86800 JavaThread "Service Thread" daemon [_thread_blocked, id=4568, stack(0x000000001aac0000,0x000000001abc0000)]
  0x0000000019dfb000 JavaThread "C1 CompilerThread3" daemon [_thread_blocked, id=5616, stack(0x000000001a9c0000,0x000000001aac0000)]
=>0x0000000019df7000 JavaThread "C2 CompilerThread2" daemon [_thread_in_native, id=11456, stack(0x000000001a8c0000,0x000000001a9c0000)]
  0x0000000019df3800 JavaThread "C2 CompilerThread1" daemon [_thread_in_native, id=6660, stack(0x000000001a7c0000,0x000000001a8c0000)]
  0x0000000019df2000 JavaThread "C2 CompilerThread0" daemon [_thread_blocked, id=5580, stack(0x000000001a6c0000,0x000000001a7c0000)]
  0x0000000019df1000 JavaThread "Attach Listener" daemon [_thread_blocked, id=11200, stack(0x000000001a5c0000,0x000000001a6c0000)]
  0x0000000019df0000 JavaThread "Signal Dispatcher" daemon [_thread_blocked, id=8360, stack(0x000000001a4c0000,0x000000001a5c0000)]
  0x0000000019de1800 JavaThread "Finalizer" daemon [_thread_blocked, id=9576, stack(0x000000001a2c0000,0x000000001a3c0000)]
  0x0000000019de0800 JavaThread "Reference Handler" daemon [_thread_blocked, id=3312, stack(0x000000001a1c0000,0x000000001a2c0000)]
  0x0000000002e7d800 JavaThread "main" [_thread_blocked, id=5780, stack(0x0000000002d40000,0x0000000002e40000)]

Other Threads:
  0x0000000017fe8000 VMThread [stack: 0x0000000019cc0000,0x0000000019dc0000] [id=5852]
  0x0000000019e87800 WatcherThread [stack: 0x000000001abc0000,0x000000001acc0000] [id=7372]

VM state:not at safepoint (normal execution)

VM Mutex/Monitor currently owned by a thread: None

heap address: 0x0000000080000000, size: 2048 MB, Compressed Oops mode: 32-bit
Narrow klass base: 0x0000000000000000, Narrow klass shift: 3
Compressed class space size: 1073741824 Address: 0x0000000100000000

Heap:
 PSYoungGen      total 379904K, used 362860K [0x00000000d5580000, 0x00000000f8480000, 0x0000000100000000)
  eden space 363008K, 99% used [0x00000000d5580000,0x00000000eb7db240,0x00000000eb800000)
  from space 16896K, 0% used [0x00000000efc00000,0x00000000efc00000,0x00000000f0c80000)
  to   space 69632K, 0% used [0x00000000eb800000,0x00000000eb800000,0x00000000efc00000)
 ParOldGen       total 167424K, used 57758K [0x0000000080000000, 0x000000008a380000, 0x00000000d5580000)
  object space 167424K, 34% used [0x0000000080000000,0x0000000083867880,0x000000008a380000)
 Metaspace       used 112627K, capacity 118592K, committed 119000K, reserved 1153024K
  class space    used 14776K, capacity 15917K, committed 16128K, reserved 1048576K

Card table byte_map: [0x0000000012340000,0x0000000012750000] byte_map_base: 0x0000000011f40000

Marking Bits: (ParMarkBitMap*) 0x00000000624cf030
 Begin Bits: [0x0000000013200000, 0x0000000015200000)
 End Bits:   [0x0000000015200000, 0x0000000017200000)

Polling page: 0x0000000002ca0000

CodeCache: size=245760Kb used=54220Kb max_used=54256Kb free=191539Kb
 bounds [0x0000000002f80000, 0x0000000006500000, 0x0000000011f80000]
 total_blobs=17536 nmethods=16481 adapters=966
 compilation: enabled

Compilation events (10 events):
Event: 2469.252 Thread 0x0000000019df2000 20823       4       java.lang.invoke.TypeConvertingMethodAdapter::descriptorToName (36 bytes)
Event: 2469.261 Thread 0x0000000019df2000 nmethod 20823 0x0000000003c785d0 code [0x0000000003c78740, 0x0000000003c78bb8]
Event: 2469.291 Thread 0x0000000019df2000 20824       4       java.lang.invoke.MethodType$ConcurrentWeakInternSet::get (54 bytes)
Event: 2469.323 Thread 0x0000000019df2000 nmethod 20824 0x00000000054ffd10 code [0x00000000054fff20, 0x0000000005500fb0]
Event: 2469.340 Thread 0x0000000019df2000 20825       4       jdk.internal.org.objectweb.asm.MethodWriter::visitInsn (106 bytes)
Event: 2469.354 Thread 0x0000000019df2000 nmethod 20825 0x0000000004963410 code [0x00000000049635a0, 0x00000000049639b8]
Event: 2469.545 Thread 0x0000000019dfb000 20826       3       com.android.tools.r8.s.b.q::hasNext (10 bytes)
Event: 2469.546 Thread 0x0000000019dfb000 nmethod 20826 0x000000000521dd10 code [0x000000000521de80, 0x000000000521e0a8]
Event: 2469.785 Thread 0x0000000019df2000 20827       4       jdk.internal.org.objectweb.asm.ClassWriter::newNameTypeItem (71 bytes)
Event: 2469.800 Thread 0x0000000019df2000 nmethod 20827 0x0000000004061650 code [0x0000000004061800, 0x0000000004061ed0]

GC Heap History (10 events):
Event: 2243.668 GC heap before
{Heap before GC invocations=20 (full 4):
 PSYoungGen      total 312832K, used 19332K [0x00000000d5580000, 0x00000000f1f00000, 0x0000000100000000)
  eden space 293376K, 0% used [0x00000000d5580000,0x00000000d5580000,0x00000000e7400000)
  from space 19456K, 99% used [0x00000000f0c00000,0x00000000f1ee11a0,0x00000000f1f00000)
  to   space 35840K, 0% used [0x00000000ed900000,0x00000000ed900000,0x00000000efc00000)
 ParOldGen       total 77312K, used 63212K [0x0000000080000000, 0x0000000084b80000, 0x00000000d5580000)
  object space 77312K, 81% used [0x0000000080000000,0x0000000083dbb340,0x0000000084b80000)
 Metaspace       used 90922K, capacity 96002K, committed 96216K, reserved 1132544K
  class space    used 12021K, capacity 13049K, committed 13056K, reserved 1048576K
Event: 2245.467 GC heap after
Heap after GC invocations=20 (full 4):
 PSYoungGen      total 312832K, used 0K [0x00000000d5580000, 0x00000000f1f00000, 0x0000000100000000)
  eden space 293376K, 0% used [0x00000000d5580000,0x00000000d5580000,0x00000000e7400000)
  from space 19456K, 0% used [0x00000000f0c00000,0x00000000f0c00000,0x00000000f1f00000)
  to   space 35840K, 0% used [0x00000000ed900000,0x00000000ed900000,0x00000000efc00000)
 ParOldGen       total 116224K, used 53113K [0x0000000080000000, 0x0000000087180000, 0x00000000d5580000)
  object space 116224K, 45% used [0x0000000080000000,0x00000000833de470,0x0000000087180000)
 Metaspace       used 90236K, capacity 94442K, committed 96216K, reserved 1132544K
  class space    used 11857K, capacity 12777K, committed 13056K, reserved 1048576K
}
Event: 2272.557 GC heap before
{Heap before GC invocations=21 (full 4):
 PSYoungGen      total 312832K, used 293376K [0x00000000d5580000, 0x00000000f1f00000, 0x0000000100000000)
  eden space 293376K, 100% used [0x00000000d5580000,0x00000000e7400000,0x00000000e7400000)
  from space 19456K, 0% used [0x00000000f0c00000,0x00000000f0c00000,0x00000000f1f00000)
  to   space 35840K, 0% used [0x00000000ed900000,0x00000000ed900000,0x00000000efc00000)
 ParOldGen       total 116224K, used 53113K [0x0000000080000000, 0x0000000087180000, 0x00000000d5580000)
  object space 116224K, 45% used [0x0000000080000000,0x00000000833de470,0x0000000087180000)
 Metaspace       used 96690K, capacity 101016K, committed 101976K, reserved 1138688K
  class space    used 12600K, capacity 13510K, committed 13696K, reserved 1048576K
Event: 2272.593 GC heap after
Heap after GC invocations=21 (full 4):
 PSYoungGen      total 389632K, used 35812K [0x00000000d5580000, 0x00000000f0c80000, 0x0000000100000000)
  eden space 353792K, 0% used [0x00000000d5580000,0x00000000d5580000,0x00000000eaf00000)
  from space 35840K, 99% used [0x00000000ed900000,0x00000000efbf9308,0x00000000efc00000)
  to   space 16896K, 0% used [0x00000000efc00000,0x00000000efc00000,0x00000000f0c80000)
 ParOldGen       total 116224K, used 53738K [0x0000000080000000, 0x0000000087180000, 0x00000000d5580000)
  object space 116224K, 46% used [0x0000000080000000,0x000000008347aab0,0x0000000087180000)
 Metaspace       used 96690K, capacity 101016K, committed 101976K, reserved 1138688K
  class space    used 12600K, capacity 13510K, committed 13696K, reserved 1048576K
}
Event: 2294.889 GC heap before
{Heap before GC invocations=22 (full 4):
 PSYoungGen      total 389632K, used 389604K [0x00000000d5580000, 0x00000000f0c80000, 0x0000000100000000)
  eden space 353792K, 100% used [0x00000000d5580000,0x00000000eaf00000,0x00000000eaf00000)
  from space 35840K, 99% used [0x00000000ed900000,0x00000000efbf9308,0x00000000efc00000)
  to   space 16896K, 0% used [0x00000000efc00000,0x00000000efc00000,0x00000000f0c80000)
 ParOldGen       total 116224K, used 53738K [0x0000000080000000, 0x0000000087180000, 0x00000000d5580000)
  object space 116224K, 46% used [0x0000000080000000,0x000000008347aab0,0x0000000087180000)
 Metaspace       used 101607K, capacity 106636K, committed 106968K, reserved 1142784K
  class space    used 13409K, capacity 14440K, committed 14592K, reserved 1048576K
Event: 2295.536 GC heap after
Heap after GC invocations=22 (full 4):
 PSYoungGen      total 379904K, used 16895K [0x00000000d5580000, 0x00000000f8480000, 0x0000000100000000)
  eden space 363008K, 0% used [0x00000000d5580000,0x00000000d5580000,0x00000000eb800000)
  from space 16896K, 99% used [0x00000000efc00000,0x00000000f0c7ffe8,0x00000000f0c80000)
  to   space 69632K, 0% used [0x00000000eb800000,0x00000000eb800000,0x00000000efc00000)
 ParOldGen       total 134144K, used 133689K [0x0000000080000000, 0x0000000088300000, 0x00000000d5580000)
  object space 134144K, 99% used [0x0000000080000000,0x000000008828e680,0x0000000088300000)
 Metaspace       used 101607K, capacity 106636K, committed 106968K, reserved 1142784K
  class space    used 13409K, capacity 14440K, committed 14592K, reserved 1048576K
}
Event: 2295.536 GC heap before
{Heap before GC invocations=23 (full 5):
 PSYoungGen      total 379904K, used 16895K [0x00000000d5580000, 0x00000000f8480000, 0x0000000100000000)
  eden space 363008K, 0% used [0x00000000d5580000,0x00000000d5580000,0x00000000eb800000)
  from space 16896K, 99% used [0x00000000efc00000,0x00000000f0c7ffe8,0x00000000f0c80000)
  to   space 69632K, 0% used [0x00000000eb800000,0x00000000eb800000,0x00000000efc00000)
 ParOldGen       total 134144K, used 133689K [0x0000000080000000, 0x0000000088300000, 0x00000000d5580000)
  object space 134144K, 99% used [0x0000000080000000,0x000000008828e680,0x0000000088300000)
 Metaspace       used 101607K, capacity 106636K, committed 106968K, reserved 1142784K
  class space    used 13409K, capacity 14440K, committed 14592K, reserved 1048576K
Event: 2296.097 GC heap after
Heap after GC invocations=23 (full 5):
 PSYoungGen      total 379904K, used 0K [0x00000000d5580000, 0x00000000f8480000, 0x0000000100000000)
  eden space 363008K, 0% used [0x00000000d5580000,0x00000000d5580000,0x00000000eb800000)
  from space 16896K, 0% used [0x00000000efc00000,0x00000000efc00000,0x00000000f0c80000)
  to   space 69632K, 0% used [0x00000000eb800000,0x00000000eb800000,0x00000000efc00000)
 ParOldGen       total 134144K, used 119458K [0x0000000080000000, 0x0000000088300000, 0x00000000d5580000)
  object space 134144K, 89% used [0x0000000080000000,0x00000000874a8af0,0x0000000088300000)
 Metaspace       used 101441K, capacity 106162K, committed 106968K, reserved 1142784K
  class space    used 13354K, capacity 14345K, committed 14592K, reserved 1048576K
}
Event: 2361.914 GC heap before
{Heap before GC invocations=24 (full 6):
 PSYoungGen      total 379904K, used 363008K [0x00000000d5580000, 0x00000000f8480000, 0x0000000100000000)
  eden space 363008K, 100% used [0x00000000d5580000,0x00000000eb800000,0x00000000eb800000)
  from space 16896K, 0% used [0x00000000efc00000,0x00000000efc00000,0x00000000f0c80000)
  to   space 69632K, 0% used [0x00000000eb800000,0x00000000eb800000,0x00000000efc00000)
 ParOldGen       total 134144K, used 119458K [0x0000000080000000, 0x0000000088300000, 0x00000000d5580000)
  object space 134144K, 89% used [0x0000000080000000,0x00000000874a8af0,0x0000000088300000)
 Metaspace       used 108084K, capacity 113270K, committed 113624K, reserved 1146880K
  class space    used 14185K, capacity 15254K, committed 15360K, reserved 1048576K
Event: 2362.188 GC heap after
Heap after GC invocations=24 (full 6):
 PSYoungGen      total 379904K, used 0K [0x00000000d5580000, 0x00000000f8480000, 0x0000000100000000)
  eden space 363008K, 0% used [0x00000000d5580000,0x00000000d5580000,0x00000000eb800000)
  from space 16896K, 0% used [0x00000000efc00000,0x00000000efc00000,0x00000000f0c80000)
  to   space 69632K, 0% used [0x00000000eb800000,0x00000000eb800000,0x00000000efc00000)
 ParOldGen       total 167424K, used 57758K [0x0000000080000000, 0x000000008a380000, 0x00000000d5580000)
  object space 167424K, 34% used [0x0000000080000000,0x0000000083867880,0x000000008a380000)
 Metaspace       used 108020K, capacity 113170K, committed 113624K, reserved 1146880K
  class space    used 14166K, capacity 15228K, committed 15360K, reserved 1048576K
}

Deoptimization events (10 events):
Event: 2468.150 Thread 0x000000002034b000 Uncommon trap: reason=unstable_if action=reinterpret pc=0x00000000033aeeb4 method=java.util.concurrent.ConcurrentHashMap.computeIfAbsent(Ljava/lang/Object;Ljava/util/function/Function;)Ljava/lang/Object; @ 200
Event: 2468.150 Thread 0x000000002623b800 Uncommon trap: reason=unstable_if action=reinterpret pc=0x00000000033aeeb4 method=java.util.concurrent.ConcurrentHashMap.computeIfAbsent(Ljava/lang/Object;Ljava/util/function/Function;)Ljava/lang/Object; @ 200
Event: 2468.360 Thread 0x000000002623b800 Uncommon trap: reason=bimorphic action=maybe_recompile pc=0x000000000446b858 method=com.android.tools.r8.utils.a1.a(Lcom/android/tools/r8/utils/e1;Ljava/lang/Object;I)V @ 2
Event: 2468.360 Thread 0x000000002623e800 Uncommon trap: reason=bimorphic action=maybe_recompile pc=0x000000000446b858 method=com.android.tools.r8.utils.a1.a(Lcom/android/tools/r8/utils/e1;Ljava/lang/Object;I)V @ 2
Event: 2468.361 Thread 0x0000000026239800 Uncommon trap: reason=bimorphic action=maybe_recompile pc=0x000000000446b858 method=com.android.tools.r8.utils.a1.a(Lcom/android/tools/r8/utils/e1;Ljava/lang/Object;I)V @ 2
Event: 2468.361 Thread 0x000000002034b800 Uncommon trap: reason=bimorphic action=maybe_recompile pc=0x000000000446b858 method=com.android.tools.r8.utils.a1.a(Lcom/android/tools/r8/utils/e1;Ljava/lang/Object;I)V @ 2
Event: 2468.362 Thread 0x000000002623b800 Uncommon trap: reason=class_check action=maybe_recompile pc=0x0000000004983a94 method=com.android.tools.r8.ir.conversion.O.a(Lcom/android/tools/r8/graph/n1;)V @ 332
Event: 2468.362 Thread 0x0000000026239800 Uncommon trap: reason=class_check action=maybe_recompile pc=0x0000000004983a94 method=com.android.tools.r8.ir.conversion.O.a(Lcom/android/tools/r8/graph/n1;)V @ 332
Event: 2468.362 Thread 0x000000002623e800 Uncommon trap: reason=class_check action=maybe_recompile pc=0x0000000004983a94 method=com.android.tools.r8.ir.conversion.O.a(Lcom/android/tools/r8/graph/n1;)V @ 332
Event: 2468.362 Thread 0x000000002034b800 Uncommon trap: reason=class_check action=maybe_recompile pc=0x0000000004983a94 method=com.android.tools.r8.ir.conversion.O.a(Lcom/android/tools/r8/graph/n1;)V @ 332

Classes redefined (0 events):
No events

Internal exceptions (10 events):
Event: 2463.757 Thread 0x0000000021bff800 Implicit null exception at 0x00000000052473c8 to 0x0000000005247891
Event: 2463.766 Thread 0x0000000026230800 Exception <a 'sun/nio/fs/WindowsException'> (0x00000000e5befeb0) thrown at [C:\src\AOSP-openjdk-git\hotspot\src\share\vm\prims\jni.cpp, line 710]
Event: 2463.766 Thread 0x0000000026230800 Exception <a 'sun/nio/fs/WindowsException'> (0x00000000e5bf0bd0) thrown at [C:\src\AOSP-openjdk-git\hotspot\src\share\vm\prims\jni.cpp, line 710]
Event: 2467.459 Thread 0x0000000026230800 Exception <a 'java/lang/NoSuchMethodError': <clinit>> (0x00000000e7ffd348) thrown at [C:\src\AOSP-openjdk-git\hotspot\src\share\vm\prims\jni.cpp, line 1615]
Event: 2467.493 Thread 0x000000002034b800 Exception <a 'java/lang/NoSuchMethodError': java.lang.Object.lambda$static$0(Ljava/lang/String;)Z> (0x00000000e8140ef8) thrown at [C:\src\AOSP-openjdk-git\hotspot\src\share\vm\interpreter\linkResolver.cpp, line 620]
Event: 2467.560 Thread 0x000000002623b800 Exception <a 'sun/nio/fs/WindowsException'> (0x00000000e84e68e8) thrown at [C:\src\AOSP-openjdk-git\hotspot\src\share\vm\prims\jni.cpp, line 710]
Event: 2469.669 Thread 0x0000000026239800 Exception <a 'java/lang/NoSuchMethodError': java.lang.Object.lambda$maxBy$1(Ljava/util/Comparator;Ljava/lang/Object;Ljava/lang/Object;)Ljava/lang/Object;> (0x00000000eb7072b0) thrown at [C:\src\AOSP-openjdk-git\hotspot\src\share\vm\interpreter\linkResolve
Event: 2469.669 Thread 0x000000002034b000 Exception <a 'java/lang/NoSuchMethodError': java.lang.Object.lambda$maxBy$1(Ljava/util/Comparator;Ljava/lang/Object;Ljava/lang/Object;)Ljava/lang/Object;> (0x00000000eb6cdbc8) thrown at [C:\src\AOSP-openjdk-git\hotspot\src\share\vm\interpreter\linkResolve
Event: 2469.669 Thread 0x000000002623e800 Exception <a 'java/lang/NoSuchMethodError': java.lang.Object.lambda$maxBy$1(Ljava/util/Comparator;Ljava/lang/Object;Ljava/lang/Object;)Ljava/lang/Object;> (0x00000000eb73cb00) thrown at [C:\src\AOSP-openjdk-git\hotspot\src\share\vm\interpreter\linkResolve
Event: 2469.669 Thread 0x000000002623b800 Exception <a 'java/lang/NoSuchMethodError': java.lang.Object.lambda$maxBy$1(Ljava/util/Comparator;Ljava/lang/Object;Ljava/lang/Object;)Ljava/lang/Object;> (0x00000000eb736d48) thrown at [C:\src\AOSP-openjdk-git\hotspot\src\share\vm\interpreter\linkResolve

Events (10 events):
Event: 2469.785 loading class com/android/tools/r8/s/a/h/e
Event: 2469.785 loading class com/android/tools/r8/s/a/h/e done
Event: 2469.785 loading class com/android/tools/r8/s/a/h/e
Event: 2469.785 loading class com/android/tools/r8/s/a/h/e done
Event: 2469.785 loading class com/android/tools/r8/s/a/h/e
Event: 2469.785 loading class com/android/tools/r8/s/a/h/e done
Event: 2469.785 loading class com/android/tools/r8/ir/optimize/x0/a
Event: 2469.785 loading class com/android/tools/r8/ir/optimize/x0/a done
Event: 2470.048 loading class com/android/tools/r8/ir/optimize/j0
Event: 2470.048 loading class com/android/tools/r8/ir/optimize/j0 done


Dynamic libraries:
0x00007ff6b8320000 - 0x00007ff6b8351000 	C:\Program Files\Android\Android Studio\jre\bin\java.exe
0x00007fff9c2a0000 - 0x00007fff9c490000 	C:\WINDOWS\SYSTEM32\ntdll.dll
0x00007fff9c1a0000 - 0x00007fff9c252000 	C:\WINDOWS\System32\KERNEL32.DLL
0x00007fff99230000 - 0x00007fff994d3000 	C:\WINDOWS\System32\KERNELBASE.dll
0x00007fff9bfa0000 - 0x00007fff9c043000 	C:\WINDOWS\System32\ADVAPI32.dll
0x00007fff9b890000 - 0x00007fff9b92e000 	C:\WINDOWS\System32\msvcrt.dll
0x00007fff9b620000 - 0x00007fff9b6b7000 	C:\WINDOWS\System32\sechost.dll
0x00007fff9b760000 - 0x00007fff9b880000 	C:\WINDOWS\System32\RPCRT4.dll
0x00007fff9a970000 - 0x00007fff9ab04000 	C:\WINDOWS\System32\USER32.dll
0x00007fff99ab0000 - 0x00007fff99ad1000 	C:\WINDOWS\System32\win32u.dll
0x00007fff9ab10000 - 0x00007fff9ab36000 	C:\WINDOWS\System32\GDI32.dll
0x00007fff99860000 - 0x00007fff999f4000 	C:\WINDOWS\System32\gdi32full.dll
0x00007fff99b30000 - 0x00007fff99bce000 	C:\WINDOWS\System32\msvcp_win.dll
0x00007fff99740000 - 0x00007fff9983a000 	C:\WINDOWS\System32\ucrtbase.dll
0x00007fff8fd50000 - 0x00007fff8ffd5000 	C:\WINDOWS\WinSxS\amd64_microsoft.windows.common-controls_6595b64144ccf1df_6.0.18362.418_none_e6c6b287130d565d\COMCTL32.dll
0x00007fff9bbf0000 - 0x00007fff9bf26000 	C:\WINDOWS\System32\combase.dll
0x00007fff99a00000 - 0x00007fff99a80000 	C:\WINDOWS\System32\bcryptPrimitives.dll
0x00007fff9ace0000 - 0x00007fff9ad0e000 	C:\WINDOWS\System32\IMM32.DLL
0x0000000061b40000 - 0x0000000061c12000 	C:\Program Files\Android\Android Studio\jre\jre\bin\msvcr100.dll
0x0000000061d00000 - 0x000000006254b000 	C:\Program Files\Android\Android Studio\jre\jre\bin\server\jvm.dll
0x00007fff9b610000 - 0x00007fff9b618000 	C:\WINDOWS\System32\PSAPI.DLL
0x00007fff96a50000 - 0x00007fff96a74000 	C:\WINDOWS\SYSTEM32\WINMM.dll
0x00007fff95c00000 - 0x00007fff95c0a000 	C:\WINDOWS\SYSTEM32\VERSION.dll
0x00007fff8a920000 - 0x00007fff8a929000 	C:\WINDOWS\SYSTEM32\WSOCK32.dll
0x00007fff9bf30000 - 0x00007fff9bf9f000 	C:\WINDOWS\System32\WS2_32.dll
0x00007fff969f0000 - 0x00007fff96a1d000 	C:\WINDOWS\SYSTEM32\WINMMBASE.dll
0x00007fff99ae0000 - 0x00007fff99b2a000 	C:\WINDOWS\System32\cfgmgr32.dll
0x00007fff8f9f0000 - 0x00007fff8f9ff000 	C:\Program Files\Android\Android Studio\jre\jre\bin\verify.dll
0x00007fff8f6d0000 - 0x00007fff8f6f9000 	C:\Program Files\Android\Android Studio\jre\jre\bin\java.dll
0x00007fff8f5b0000 - 0x00007fff8f5c6000 	C:\Program Files\Android\Android Studio\jre\jre\bin\zip.dll
0x00007fff9ad10000 - 0x00007fff9b3f5000 	C:\WINDOWS\System32\SHELL32.dll
0x00007fff9b930000 - 0x00007fff9b9d9000 	C:\WINDOWS\System32\shcore.dll
0x00007fff99bd0000 - 0x00007fff9a34f000 	C:\WINDOWS\System32\windows.storage.dll
0x00007fff991c0000 - 0x00007fff991df000 	C:\WINDOWS\System32\profapi.dll
0x00007fff991e0000 - 0x00007fff9922a000 	C:\WINDOWS\System32\powrprof.dll
0x00007fff99170000 - 0x00007fff99180000 	C:\WINDOWS\System32\UMPDC.dll
0x00007fff9ab40000 - 0x00007fff9ab92000 	C:\WINDOWS\System32\shlwapi.dll
0x00007fff991a0000 - 0x00007fff991b1000 	C:\WINDOWS\System32\kernel.appcore.dll
0x00007fff99840000 - 0x00007fff99857000 	C:\WINDOWS\System32\cryptsp.dll
0x00007fff8f520000 - 0x00007fff8f53a000 	C:\Program Files\Android\Android Studio\jre\jre\bin\net.dll
0x00007fff98980000 - 0x00007fff989e7000 	C:\WINDOWS\system32\mswsock.dll
0x00007fff8f500000 - 0x00007fff8f513000 	C:\Program Files\Android\Android Studio\jre\jre\bin\nio.dll
0x00007fff85980000 - 0x00007fff859a7000 	C:\Users\root\.gradle\native\f6784746aeab05261644944871eae4fe03e0ef1612fff0a4a95f87b438bc6780\windows-amd64\native-platform.dll
0x00007fff8f6c0000 - 0x00007fff8f6cd000 	C:\Program Files\Android\Android Studio\jre\jre\bin\management.dll
0x00007fff984f0000 - 0x00007fff98523000 	C:\WINDOWS\system32\rsaenh.dll
0x00007fff99a80000 - 0x00007fff99aa6000 	C:\WINDOWS\System32\bcrypt.dll
0x00007fff99060000 - 0x00007fff99085000 	C:\WINDOWS\SYSTEM32\USERENV.dll
0x00007fff98b50000 - 0x00007fff98b5c000 	C:\WINDOWS\SYSTEM32\CRYPTBASE.dll
0x00007fff98690000 - 0x00007fff986ca000 	C:\WINDOWS\SYSTEM32\IPHLPAPI.DLL
0x00007fff9b880000 - 0x00007fff9b888000 	C:\WINDOWS\System32\NSI.dll
0x00007fff93870000 - 0x00007fff93886000 	C:\WINDOWS\SYSTEM32\dhcpcsvc6.DLL
0x00007fff93d60000 - 0x00007fff93d7c000 	C:\WINDOWS\SYSTEM32\dhcpcsvc.DLL
0x00007fff986d0000 - 0x00007fff9879a000 	C:\WINDOWS\SYSTEM32\DNSAPI.dll
0x00007fff941b0000 - 0x00007fff941bb000 	C:\WINDOWS\SYSTEM32\WINNSI.DLL
0x00007fff8fce0000 - 0x00007fff8fd04000 	C:\Program Files\Android\Android Studio\jre\jre\bin\sunec.dll
0x00007fff87b20000 - 0x00007fff87b2a000 	C:\Windows\System32\rasadhlp.dll
0x00007fff92b40000 - 0x00007fff92bb7000 	C:\WINDOWS\System32\fwpuclnt.dll
0x00007fff935b0000 - 0x00007fff935bb000 	C:\Program Files\Android\Android Studio\jre\jre\bin\sunmscapi.dll
0x00007fff994e0000 - 0x00007fff99629000 	C:\WINDOWS\System32\CRYPT32.dll
0x00007fff99180000 - 0x00007fff99192000 	C:\WINDOWS\System32\MSASN1.dll
0x00007fff6b5b0000 - 0x00007fff6b74c000 	C:\Program Files\Android\Android Studio\jre\jre\bin\awt.dll
0x00007fff9a350000 - 0x00007fff9a414000 	C:\WINDOWS\System32\OLEAUT32.dll
0x00007fff96250000 - 0x00007fff96810000 	C:\WINDOWS\SYSTEM32\d2d1.dll
0x00007fff97a20000 - 0x00007fff97a4d000 	C:\WINDOWS\SYSTEM32\dwmapi.dll
0x00007fff97400000 - 0x00007fff9748f000 	C:\WINDOWS\SYSTEM32\apphelp.dll
0x00007fff974f0000 - 0x00007fff97589000 	C:\WINDOWS\system32\uxtheme.dll

VM Arguments:
jvm_args: -Xmx2048m -Dfile.encoding=UTF-8 -Duser.country=US -Duser.language=en -Duser.variant 
java_command: org.gradle.launcher.daemon.bootstrap.GradleDaemon 6.5
java_class_path (initial): C:\Users\root\.gradle\wrapper\dists\gradle-6.5-bin\6nifqtx7604sqp1q6g8wikw7p\gradle-6.5\lib\gradle-launcher-6.5.jar
Launcher Type: SUN_STANDARD

Environment Variables:
PATH=C:\Program Files (x86)\Common Files\Oracle\Java\javapath;C:\WINDOWS\system32;C:\WINDOWS;C:\WINDOWS\System32\Wbem;C:\WINDOWS\System32\WindowsPowerShell\v1.0\;C:\WINDOWS\System32\OpenSSH\;C:\Program Files\Java\jdk-13.0.2\bin;C:\Program Files\Git\cmd;C:\Program Files (x86)\Microsoft SQL Server\100\Tools\Binn\;C:\Program Files\Microsoft SQL Server\100\Tools\Binn\;C:\Program Files\Microsoft SQL Server\100\DTS\Binn\;C:\Program Files (x86)\Microsoft SQL Server\100\Tools\Binn\VSShell\Common7\IDE\;C:\Program Files (x86)\Microsoft SQL Server\100\DTS\Binn\;C:\Program Files\MySQL\MySQL Shell 8.0\bin\
USERNAME=Le Tran Phu
OS=Windows_NT
PROCESSOR_IDENTIFIER=Intel64 Family 6 Model 142 Stepping 10, GenuineIntel



---------------  S Y S T E M  ---------------

OS: Windows 10.0 , 64 bit Build 18362 (10.0.18362.329)

CPU:total 8 (initial active 8) (4 cores per cpu, 2 threads per core) family 6 model 142 stepping 10, cmov, cx8, fxsr, mmx, sse, sse2, sse3, ssse3, sse4.1, sse4.2, popcnt, avx, avx2, aes, clmul, erms, 3dnowpref, lzcnt, ht, tsc, tscinvbit, bmi1, bmi2, adx

Memory: 4k page, physical 4066916k(316112k free), swap 8162916k(704k free)

vm_info: OpenJDK 64-Bit Server VM (25.242-b01) for windows-amd64 JRE (1.8.0_242-release-1644-b01), built by "builder" with MS VC++ 10.0 (VS2010)

time: Fri Jun 18 13:59:08 2021
timezone: SE Asia Standard Time
elapsed time: 2471 seconds (0d 0h 41m 11s)

